<?xml version="1.0" encoding="UTF-8"?>
<!-- Generated by org.testng.reporters.JUnitReportReporter -->
<testsuite hostname="DESKTOP-PT7ORMM" failures="0" tests="5" name="parallel.ParallelRun" time="17.491" errors="0" timestamp="16 Mar 2022 12:00:18 GMT" skipped="0">
  <testcase classname="parallel.ParallelRun" name="runScenario" time="3.667"/>
  <testcase classname="parallel.ParallelRun" name="runScenario" time="2.854"/>
  <testcase classname="parallel.ParallelRun" name="runScenario" time="3.589"/>
  <testcase classname="parallel.ParallelRun" name="runScenario" time="3.667"/>
  <testcase classname="parallel.ParallelRun" name="runScenario" time="3.714"/>
</testsuite> <!-- parallel.ParallelRun -->
